<?xml version="1.0" encoding="UTF-8"?>
<!-- Generated by org.testng.reporters.JUnitXMLReporter -->
<testsuite hostname="sameer" ignored="3" name="testing" tests="2" failures="0" timestamp="2023-03-20T17:18:44 IST" time="0.039" errors="0">
  <testcase name="testCaseFive" time="0.006" classname="testNgPrograms.GroupExamples"/>
  <testcase name="testCaseThree" time="0.002" classname="testNgPrograms.GroupExamples"/>
  <testcase name="testCaseTwo" time="0.0" classname="testNgPrograms.GroupExamples">
    <ignored/>
  </testcase> <!-- testCaseTwo -->
  <testcase name="testCaseOne" time="0.0" classname="testNgPrograms.GroupExamples">
    <ignored/>
  </testcase> <!-- testCaseOne -->
  <testcase name="testCaseFour" time="0.0" classname="testNgPrograms.GroupExamples">
    <ignored/>
  </testcase> <!-- testCaseFour -->
</testsuite> <!-- testing -->
