<?xml version="1.0" encoding="UTF-8"?>
<!-- Generated by org.testng.reporters.JUnitXMLReporter -->
<testsuite hostname="sameer" ignored="0" name="Testing Parameterization" tests="4" failures="0" timestamp="2023-03-20T17:32:37 IST" time="5.505" errors="0">
  <testcase name="testCaseOne" time="0.006" classname="testNgPrograms.Parameterization"/>
  <testcase name="testCaseThree" time="0.001" classname="testNgPrograms.Parameterization"/>
  <testcase name="testCaseTwo" time="0.0" classname="testNgPrograms.Parameterization"/>
  <testcase name="testLoginOfVtiger" time="5.465" classname="testNgPrograms.Parameterization"/>
</testsuite> <!-- Testing Parameterization -->
