<?xml version="1.0" encoding="UTF-8"?>
<!-- Generated by org.testng.reporters.JUnitXMLReporter -->
<testsuite hostname="sameer" ignored="0" name="Test 1" tests="4" failures="0" timestamp="2023-03-28T17:02:22 IST" time="0.051" errors="0">
  <testcase name="testCaseOne" time="0.01" classname="testNgPrograms.TestParallelClassTwo"/>
  <testcase name="testCaseOne" time="0.01" classname="testNgPrograms.TestParallelClassOne"/>
  <testcase name="testCaseTwo" time="0.002" classname="testNgPrograms.TestParallelClassOne"/>
  <testcase name="testCaseTwo" time="0.002" classname="testNgPrograms.TestParallelClassTwo"/>
</testsuite> <!-- Test 1 -->
