<?xml version="1.0" encoding="UTF-8"?>
<!-- Generated by org.testng.reporters.JUnitXMLReporter -->
<testsuite hostname="sameer" ignored="0" name="testRetryProgram_2" tests="4" failures="1" timestamp="2023-02-25T11:25:32 IST" time="0.049" errors="0">
  <testcase name="Test1" time="0.013" classname="Assignments.testProgram_1">
    <skipped/>
  </testcase> <!-- Test1 -->
  <testcase name="Test1" time="0.0" classname="Assignments.testProgram_1">
    <skipped/>
  </testcase> <!-- Test1 -->
  <testcase name="Test1" time="0.001" classname="Assignments.testProgram_1">
    <failure type="junit.framework.AssertionFailedError" message="expected:&amp;lt;true&amp;gt; but was:&amp;lt;false&amp;gt;">
      <![CDATA[junit.framework.AssertionFailedError: expected:<true> but was:<false>
at junit.framework.Assert.fail(Assert.java:50)
at junit.framework.Assert.failNotEquals(Assert.java:287)
at junit.framework.Assert.assertEquals(Assert.java:67)
at junit.framework.Assert.assertEquals(Assert.java:147)
at junit.framework.Assert.assertEquals(Assert.java:153)
at Assignments.testProgram_1.Test1(testProgram_1.java:11)
at java.util.ArrayList.forEach(ArrayList.java:1259)
... Removed 27 stack frames]]>
    </failure>
  </testcase> <!-- Test1 -->
  <testcase name="Test2" time="0.001" classname="Assignments.testProgram_1"/>
</testsuite> <!-- testRetryProgram_2 -->
