<?xml version="1.0" encoding="UTF-8"?>
<!-- Generated by org.testng.reporters.JUnitXMLReporter -->
<testsuite hostname="sameer" ignored="1" name="Method Test Cases" tests="2" failures="0" timestamp="2023-03-20T17:19:59 IST" time="0.033" errors="0">
  <testcase name="addLocationTestCase" time="0.005" classname="testNgPrograms.IncludeAndExcludeTestMethods"/>
  <testcase name="addDepartmentTestCase" time="0.0" classname="testNgPrograms.IncludeAndExcludeTestMethods"/>
  <testcase name="addEmployeeTestCase" time="0.0" classname="testNgPrograms.IncludeAndExcludeTestMethods">
    <ignored/>
  </testcase> <!-- addEmployeeTestCase -->
</testsuite> <!-- Method Test Cases -->
